#-----------------------------------------------------------
# Vivado v2018.3 (64-bit)
# SW Build 2405991 on Thu Dec  6 23:38:27 MST 2018
# IP Build 2404404 on Fri Dec  7 01:43:56 MST 2018
# Start of session at: Tue Apr 23 02:36:14 2019
# Process ID: 17012
# Current directory: C:/Users/horku/Documents/School/EECE/COEN 4710/computer_hardware_projects/Project 2/Memory Unit
# Command line: vivado.exe -gui_launcher_event rodinguilauncherevent21780 C:\Users\horku\Documents\School\EECE\COEN 4710\computer_hardware_projects\Project 2\Memory Unit\Memory Unit.xpr
# Log file: C:/Users/horku/Documents/School/EECE/COEN 4710/computer_hardware_projects/Project 2/Memory Unit/vivado.log
# Journal file: C:/Users/horku/Documents/School/EECE/COEN 4710/computer_hardware_projects/Project 2/Memory Unit\vivado.jou
#-----------------------------------------------------------
start_gui
open_project {C:/Users/horku/Documents/School/EECE/COEN 4710/computer_hardware_projects/Project 2/Memory Unit/Memory Unit.xpr}
INFO: [ProjectBase 1-489] The host OS only allows 260 characters in a normal path. The project is stored in a path with more than 80 characters. If you experience issues with IP, Block Designs, or files not being found, please consider moving the project to a location with a shorter path. Alternately consider using the OS subst command to map part of the path to a drive letter.
Current project path is 'C:/Users/horku/Documents/School/EECE/COEN 4710/computer_hardware_projects/Project 2/Memory Unit'
Scanning sources...
Finished scanning sources
INFO: [IP_Flow 19-234] Refreshing IP repositories
INFO: [IP_Flow 19-1704] No user IP repositories specified
INFO: [IP_Flow 19-2313] Loaded Vivado IP repository 'C:/Xilinx/Vivado/2018.3/data/ip'.
open_project: Time (s): cpu = 00:00:14 ; elapsed = 00:00:05 . Memory (MB): peak = 670.879 ; gain = 59.086
update_compile_order -fileset sources_1
synth_design -rtl -name rtl_1
Command: synth_design -rtl -name rtl_1
Starting synth_design
Using part: xc7a35tcpg236-1
Top: mem_unit
---------------------------------------------------------------------------------
Starting RTL Elaboration : Time (s): cpu = 00:00:04 ; elapsed = 00:00:04 . Memory (MB): peak = 784.914 ; gain = 74.617
---------------------------------------------------------------------------------
INFO: [Synth 8-638] synthesizing module 'mem_unit' [C:/Users/horku/Documents/School/EECE/COEN 4710/computer_hardware_projects/Project 2/Memory Unit/Memory Unit.srcs/sources_1/new/mem_unit.vhd:28]
INFO: [Synth 8-256] done synthesizing module 'mem_unit' (1#1) [C:/Users/horku/Documents/School/EECE/COEN 4710/computer_hardware_projects/Project 2/Memory Unit/Memory Unit.srcs/sources_1/new/mem_unit.vhd:28]
WARNING: [Synth 8-3331] design mem_unit has unconnected port address[31]
WARNING: [Synth 8-3331] design mem_unit has unconnected port address[30]
WARNING: [Synth 8-3331] design mem_unit has unconnected port address[29]
WARNING: [Synth 8-3331] design mem_unit has unconnected port address[28]
WARNING: [Synth 8-3331] design mem_unit has unconnected port address[27]
WARNING: [Synth 8-3331] design mem_unit has unconnected port address[26]
WARNING: [Synth 8-3331] design mem_unit has unconnected port address[25]
WARNING: [Synth 8-3331] design mem_unit has unconnected port address[24]
WARNING: [Synth 8-3331] design mem_unit has unconnected port address[23]
WARNING: [Synth 8-3331] design mem_unit has unconnected port address[22]
WARNING: [Synth 8-3331] design mem_unit has unconnected port address[21]
WARNING: [Synth 8-3331] design mem_unit has unconnected port address[20]
WARNING: [Synth 8-3331] design mem_unit has unconnected port address[19]
WARNING: [Synth 8-3331] design mem_unit has unconnected port address[18]
WARNING: [Synth 8-3331] design mem_unit has unconnected port address[17]
WARNING: [Synth 8-3331] design mem_unit has unconnected port address[16]
WARNING: [Synth 8-3331] design mem_unit has unconnected port address[15]
WARNING: [Synth 8-3331] design mem_unit has unconnected port address[14]
WARNING: [Synth 8-3331] design mem_unit has unconnected port address[13]
WARNING: [Synth 8-3331] design mem_unit has unconnected port address[12]
WARNING: [Synth 8-3331] design mem_unit has unconnected port address[11]
WARNING: [Synth 8-3331] design mem_unit has unconnected port address[10]
WARNING: [Synth 8-3331] design mem_unit has unconnected port address[9]
WARNING: [Synth 8-3331] design mem_unit has unconnected port address[8]
WARNING: [Synth 8-3331] design mem_unit has unconnected port address[7]
WARNING: [Synth 8-3331] design mem_unit has unconnected port address[1]
WARNING: [Synth 8-3331] design mem_unit has unconnected port address[0]
---------------------------------------------------------------------------------
Finished RTL Elaboration : Time (s): cpu = 00:00:05 ; elapsed = 00:00:05 . Memory (MB): peak = 826.098 ; gain = 115.801
---------------------------------------------------------------------------------

Report Check Netlist: 
+------+------------------+-------+---------+-------+------------------+
|      |Item              |Errors |Warnings |Status |Description       |
+------+------------------+-------+---------+-------+------------------+
|1     |multi_driven_nets |      0|        0|Passed |Multi driven nets |
+------+------------------+-------+---------+-------+------------------+
---------------------------------------------------------------------------------
Start Handling Custom Attributes
---------------------------------------------------------------------------------
---------------------------------------------------------------------------------
Finished Handling Custom Attributes : Time (s): cpu = 00:00:05 ; elapsed = 00:00:05 . Memory (MB): peak = 826.098 ; gain = 115.801
---------------------------------------------------------------------------------
---------------------------------------------------------------------------------
Finished RTL Optimization Phase 1 : Time (s): cpu = 00:00:05 ; elapsed = 00:00:05 . Memory (MB): peak = 826.098 ; gain = 115.801
---------------------------------------------------------------------------------
INFO: [Device 21-403] Loading part xc7a35tcpg236-1
INFO: [Project 1-570] Preparing netlist for logic optimization

Processing XDC Constraints
Initializing timing engine
Completed Processing XDC Constraints

INFO: [Opt 31-138] Pushed 0 inverter(s) to 0 load pin(s).
Netlist sorting complete. Time (s): cpu = 00:00:00 ; elapsed = 00:00:00 . Memory (MB): peak = 1057.191 ; gain = 0.000
INFO: [Project 1-111] Unisim Transformation Summary:
No Unisim elements were transformed.

RTL Elaboration Complete:  : Time (s): cpu = 00:00:27 ; elapsed = 00:00:21 . Memory (MB): peak = 1168.836 ; gain = 458.539
6 Infos, 27 Warnings, 0 Critical Warnings and 0 Errors encountered.
synth_design completed successfully
synth_design: Time (s): cpu = 00:00:27 ; elapsed = 00:00:21 . Memory (MB): peak = 1168.836 ; gain = 458.539
exit
INFO: [Common 17-206] Exiting Vivado at Tue Apr 23 02:47:03 2019...
