#-----------------------------------------------------------
# Vivado v2018.3 (64-bit)
# SW Build 2405991 on Thu Dec  6 23:38:27 MST 2018
# IP Build 2404404 on Fri Dec  7 01:43:56 MST 2018
# Start of session at: Tue Apr 23 02:36:56 2019
# Process ID: 232
# Current directory: C:/Users/horku/Documents/School/EECE/COEN 4710/computer_hardware_projects/Project 2/shifter
# Command line: vivado.exe -gui_launcher_event rodinguilauncherevent8008 C:\Users\horku\Documents\School\EECE\COEN 4710\computer_hardware_projects\Project 2\shifter\shifter.xpr
# Log file: C:/Users/horku/Documents/School/EECE/COEN 4710/computer_hardware_projects/Project 2/shifter/vivado.log
# Journal file: C:/Users/horku/Documents/School/EECE/COEN 4710/computer_hardware_projects/Project 2/shifter\vivado.jou
#-----------------------------------------------------------
start_gui
open_project {C:/Users/horku/Documents/School/EECE/COEN 4710/computer_hardware_projects/Project 2/shifter/shifter.xpr}
INFO: [ProjectBase 1-489] The host OS only allows 260 characters in a normal path. The project is stored in a path with more than 80 characters. If you experience issues with IP, Block Designs, or files not being found, please consider moving the project to a location with a shorter path. Alternately consider using the OS subst command to map part of the path to a drive letter.
Current project path is 'C:/Users/horku/Documents/School/EECE/COEN 4710/computer_hardware_projects/Project 2/shifter'
Scanning sources...
Finished scanning sources
INFO: [IP_Flow 19-234] Refreshing IP repositories
INFO: [IP_Flow 19-1704] No user IP repositories specified
INFO: [IP_Flow 19-2313] Loaded Vivado IP repository 'C:/Xilinx/Vivado/2018.3/data/ip'.
open_project: Time (s): cpu = 00:00:18 ; elapsed = 00:00:06 . Memory (MB): peak = 668.797 ; gain = 61.801
update_compile_order -fileset sources_1
synth_design -rtl -name rtl_1
Command: synth_design -rtl -name rtl_1
Starting synth_design
Using part: xc7a35tcpg236-1
Top: Shifter
---------------------------------------------------------------------------------
Starting RTL Elaboration : Time (s): cpu = 00:00:04 ; elapsed = 00:00:03 . Memory (MB): peak = 753.133 ; gain = 74.984
---------------------------------------------------------------------------------
INFO: [Synth 8-638] synthesizing module 'Shifter' [C:/Users/horku/Documents/School/EECE/COEN 4710/computer_hardware_projects/Project 2/shifter/shifter.srcs/sources_1/new/shifter.vhd:27]
WARNING: [Synth 8-614] signal 'data' is read in the process but is not in the sensitivity list [C:/Users/horku/Documents/School/EECE/COEN 4710/computer_hardware_projects/Project 2/shifter/shifter.srcs/sources_1/new/shifter.vhd:32]
INFO: [Synth 8-256] done synthesizing module 'Shifter' (1#1) [C:/Users/horku/Documents/School/EECE/COEN 4710/computer_hardware_projects/Project 2/shifter/shifter.srcs/sources_1/new/shifter.vhd:27]
WARNING: [Synth 8-3331] design Shifter has unconnected port data[31]
---------------------------------------------------------------------------------
Finished RTL Elaboration : Time (s): cpu = 00:00:06 ; elapsed = 00:00:05 . Memory (MB): peak = 796.895 ; gain = 118.746
---------------------------------------------------------------------------------

Report Check Netlist: 
+------+------------------+-------+---------+-------+------------------+
|      |Item              |Errors |Warnings |Status |Description       |
+------+------------------+-------+---------+-------+------------------+
|1     |multi_driven_nets |      0|        0|Passed |Multi driven nets |
+------+------------------+-------+---------+-------+------------------+
---------------------------------------------------------------------------------
Start Handling Custom Attributes
---------------------------------------------------------------------------------
---------------------------------------------------------------------------------
Finished Handling Custom Attributes : Time (s): cpu = 00:00:06 ; elapsed = 00:00:05 . Memory (MB): peak = 796.895 ; gain = 118.746
---------------------------------------------------------------------------------
---------------------------------------------------------------------------------
Finished RTL Optimization Phase 1 : Time (s): cpu = 00:00:06 ; elapsed = 00:00:05 . Memory (MB): peak = 796.895 ; gain = 118.746
---------------------------------------------------------------------------------
INFO: [Device 21-403] Loading part xc7a35tcpg236-1
INFO: [Project 1-570] Preparing netlist for logic optimization

Processing XDC Constraints
Initializing timing engine
Completed Processing XDC Constraints

INFO: [Opt 31-138] Pushed 0 inverter(s) to 0 load pin(s).
Netlist sorting complete. Time (s): cpu = 00:00:00 ; elapsed = 00:00:00 . Memory (MB): peak = 1020.367 ; gain = 0.000
INFO: [Project 1-111] Unisim Transformation Summary:
No Unisim elements were transformed.

RTL Elaboration Complete:  : Time (s): cpu = 00:00:26 ; elapsed = 00:00:20 . Memory (MB): peak = 1139.516 ; gain = 461.367
6 Infos, 2 Warnings, 0 Critical Warnings and 0 Errors encountered.
synth_design completed successfully
synth_design: Time (s): cpu = 00:00:26 ; elapsed = 00:00:21 . Memory (MB): peak = 1139.516 ; gain = 461.367
exit
INFO: [Common 17-206] Exiting Vivado at Tue Apr 23 02:46:57 2019...
