#-----------------------------------------------------------
# Vivado v2018.3 (64-bit)
# SW Build 2405991 on Thu Dec  6 23:38:27 MST 2018
# IP Build 2404404 on Fri Dec  7 01:43:56 MST 2018
# Start of session at: Tue Apr 23 02:35:45 2019
# Process ID: 24392
# Current directory: C:/Users/horku/Documents/School/EECE/COEN 4710/computer_hardware_projects/Project 2/32 bit adder
# Command line: vivado.exe -gui_launcher_event rodinguilauncherevent20788 C:\Users\horku\Documents\School\EECE\COEN 4710\computer_hardware_projects\Project 2\32 bit adder\32 bit adder.xpr
# Log file: C:/Users/horku/Documents/School/EECE/COEN 4710/computer_hardware_projects/Project 2/32 bit adder/vivado.log
# Journal file: C:/Users/horku/Documents/School/EECE/COEN 4710/computer_hardware_projects/Project 2/32 bit adder\vivado.jou
#-----------------------------------------------------------
start_gui
open_project {C:/Users/horku/Documents/School/EECE/COEN 4710/computer_hardware_projects/Project 2/32 bit adder/32 bit adder.xpr}
INFO: [ProjectBase 1-489] The host OS only allows 260 characters in a normal path. The project is stored in a path with more than 80 characters. If you experience issues with IP, Block Designs, or files not being found, please consider moving the project to a location with a shorter path. Alternately consider using the OS subst command to map part of the path to a drive letter.
Current project path is 'C:/Users/horku/Documents/School/EECE/COEN 4710/computer_hardware_projects/Project 2/32 bit adder'
Scanning sources...
Finished scanning sources
INFO: [IP_Flow 19-234] Refreshing IP repositories
INFO: [IP_Flow 19-1704] No user IP repositories specified
INFO: [IP_Flow 19-2313] Loaded Vivado IP repository 'C:/Xilinx/Vivado/2018.3/data/ip'.
open_project: Time (s): cpu = 00:00:16 ; elapsed = 00:00:06 . Memory (MB): peak = 672.637 ; gain = 53.391
update_compile_order -fileset sources_1
synth_design -rtl -name rtl_1
Command: synth_design -rtl -name rtl_1
Starting synth_design
Using part: xc7a35tcpg236-1
Top: Adder32Bit
---------------------------------------------------------------------------------
Starting RTL Elaboration : Time (s): cpu = 00:00:04 ; elapsed = 00:00:03 . Memory (MB): peak = 766.207 ; gain = 43.742
---------------------------------------------------------------------------------
INFO: [Synth 8-638] synthesizing module 'Adder32Bit' [C:/Users/horku/Documents/School/EECE/COEN 4710/computer_hardware_projects/Project 2/32 bit adder/32 bit adder.srcs/sources_1/new/32 bit adder.vhd:26]
INFO: [Synth 8-3491] module 'fullAdder' declared at 'C:/Users/horku/Documents/School/EECE/COEN 4710/computer_hardware_projects/Project 2/32 bit adder/32 bit adder.srcs/sources_1/new/fullAdder.vhd:12' bound to instance 'fa0' of component 'fullAdder' [C:/Users/horku/Documents/School/EECE/COEN 4710/computer_hardware_projects/Project 2/32 bit adder/32 bit adder.srcs/sources_1/new/32 bit adder.vhd:42]
INFO: [Synth 8-638] synthesizing module 'fullAdder' [C:/Users/horku/Documents/School/EECE/COEN 4710/computer_hardware_projects/Project 2/32 bit adder/32 bit adder.srcs/sources_1/new/fullAdder.vhd:23]
INFO: [Synth 8-256] done synthesizing module 'fullAdder' (1#1) [C:/Users/horku/Documents/School/EECE/COEN 4710/computer_hardware_projects/Project 2/32 bit adder/32 bit adder.srcs/sources_1/new/fullAdder.vhd:23]
INFO: [Synth 8-3491] module 'fullAdder' declared at 'C:/Users/horku/Documents/School/EECE/COEN 4710/computer_hardware_projects/Project 2/32 bit adder/32 bit adder.srcs/sources_1/new/fullAdder.vhd:12' bound to instance 'fa1' of component 'fullAdder' [C:/Users/horku/Documents/School/EECE/COEN 4710/computer_hardware_projects/Project 2/32 bit adder/32 bit adder.srcs/sources_1/new/32 bit adder.vhd:43]
INFO: [Synth 8-3491] module 'fullAdder' declared at 'C:/Users/horku/Documents/School/EECE/COEN 4710/computer_hardware_projects/Project 2/32 bit adder/32 bit adder.srcs/sources_1/new/fullAdder.vhd:12' bound to instance 'fa2' of component 'fullAdder' [C:/Users/horku/Documents/School/EECE/COEN 4710/computer_hardware_projects/Project 2/32 bit adder/32 bit adder.srcs/sources_1/new/32 bit adder.vhd:44]
INFO: [Synth 8-3491] module 'fullAdder' declared at 'C:/Users/horku/Documents/School/EECE/COEN 4710/computer_hardware_projects/Project 2/32 bit adder/32 bit adder.srcs/sources_1/new/fullAdder.vhd:12' bound to instance 'fa3' of component 'fullAdder' [C:/Users/horku/Documents/School/EECE/COEN 4710/computer_hardware_projects/Project 2/32 bit adder/32 bit adder.srcs/sources_1/new/32 bit adder.vhd:45]
INFO: [Synth 8-3491] module 'fullAdder' declared at 'C:/Users/horku/Documents/School/EECE/COEN 4710/computer_hardware_projects/Project 2/32 bit adder/32 bit adder.srcs/sources_1/new/fullAdder.vhd:12' bound to instance 'fa4' of component 'fullAdder' [C:/Users/horku/Documents/School/EECE/COEN 4710/computer_hardware_projects/Project 2/32 bit adder/32 bit adder.srcs/sources_1/new/32 bit adder.vhd:46]
INFO: [Synth 8-3491] module 'fullAdder' declared at 'C:/Users/horku/Documents/School/EECE/COEN 4710/computer_hardware_projects/Project 2/32 bit adder/32 bit adder.srcs/sources_1/new/fullAdder.vhd:12' bound to instance 'fa5' of component 'fullAdder' [C:/Users/horku/Documents/School/EECE/COEN 4710/computer_hardware_projects/Project 2/32 bit adder/32 bit adder.srcs/sources_1/new/32 bit adder.vhd:47]
INFO: [Synth 8-3491] module 'fullAdder' declared at 'C:/Users/horku/Documents/School/EECE/COEN 4710/computer_hardware_projects/Project 2/32 bit adder/32 bit adder.srcs/sources_1/new/fullAdder.vhd:12' bound to instance 'fa6' of component 'fullAdder' [C:/Users/horku/Documents/School/EECE/COEN 4710/computer_hardware_projects/Project 2/32 bit adder/32 bit adder.srcs/sources_1/new/32 bit adder.vhd:48]
INFO: [Synth 8-3491] module 'fullAdder' declared at 'C:/Users/horku/Documents/School/EECE/COEN 4710/computer_hardware_projects/Project 2/32 bit adder/32 bit adder.srcs/sources_1/new/fullAdder.vhd:12' bound to instance 'fa7' of component 'fullAdder' [C:/Users/horku/Documents/School/EECE/COEN 4710/computer_hardware_projects/Project 2/32 bit adder/32 bit adder.srcs/sources_1/new/32 bit adder.vhd:49]
INFO: [Synth 8-3491] module 'fullAdder' declared at 'C:/Users/horku/Documents/School/EECE/COEN 4710/computer_hardware_projects/Project 2/32 bit adder/32 bit adder.srcs/sources_1/new/fullAdder.vhd:12' bound to instance 'fa8' of component 'fullAdder' [C:/Users/horku/Documents/School/EECE/COEN 4710/computer_hardware_projects/Project 2/32 bit adder/32 bit adder.srcs/sources_1/new/32 bit adder.vhd:50]
INFO: [Synth 8-3491] module 'fullAdder' declared at 'C:/Users/horku/Documents/School/EECE/COEN 4710/computer_hardware_projects/Project 2/32 bit adder/32 bit adder.srcs/sources_1/new/fullAdder.vhd:12' bound to instance 'fa9' of component 'fullAdder' [C:/Users/horku/Documents/School/EECE/COEN 4710/computer_hardware_projects/Project 2/32 bit adder/32 bit adder.srcs/sources_1/new/32 bit adder.vhd:51]
INFO: [Synth 8-3491] module 'fullAdder' declared at 'C:/Users/horku/Documents/School/EECE/COEN 4710/computer_hardware_projects/Project 2/32 bit adder/32 bit adder.srcs/sources_1/new/fullAdder.vhd:12' bound to instance 'fa10' of component 'fullAdder' [C:/Users/horku/Documents/School/EECE/COEN 4710/computer_hardware_projects/Project 2/32 bit adder/32 bit adder.srcs/sources_1/new/32 bit adder.vhd:52]
INFO: [Synth 8-3491] module 'fullAdder' declared at 'C:/Users/horku/Documents/School/EECE/COEN 4710/computer_hardware_projects/Project 2/32 bit adder/32 bit adder.srcs/sources_1/new/fullAdder.vhd:12' bound to instance 'fa11' of component 'fullAdder' [C:/Users/horku/Documents/School/EECE/COEN 4710/computer_hardware_projects/Project 2/32 bit adder/32 bit adder.srcs/sources_1/new/32 bit adder.vhd:53]
INFO: [Synth 8-3491] module 'fullAdder' declared at 'C:/Users/horku/Documents/School/EECE/COEN 4710/computer_hardware_projects/Project 2/32 bit adder/32 bit adder.srcs/sources_1/new/fullAdder.vhd:12' bound to instance 'fa12' of component 'fullAdder' [C:/Users/horku/Documents/School/EECE/COEN 4710/computer_hardware_projects/Project 2/32 bit adder/32 bit adder.srcs/sources_1/new/32 bit adder.vhd:54]
INFO: [Synth 8-3491] module 'fullAdder' declared at 'C:/Users/horku/Documents/School/EECE/COEN 4710/computer_hardware_projects/Project 2/32 bit adder/32 bit adder.srcs/sources_1/new/fullAdder.vhd:12' bound to instance 'fa13' of component 'fullAdder' [C:/Users/horku/Documents/School/EECE/COEN 4710/computer_hardware_projects/Project 2/32 bit adder/32 bit adder.srcs/sources_1/new/32 bit adder.vhd:55]
INFO: [Synth 8-3491] module 'fullAdder' declared at 'C:/Users/horku/Documents/School/EECE/COEN 4710/computer_hardware_projects/Project 2/32 bit adder/32 bit adder.srcs/sources_1/new/fullAdder.vhd:12' bound to instance 'fa14' of component 'fullAdder' [C:/Users/horku/Documents/School/EECE/COEN 4710/computer_hardware_projects/Project 2/32 bit adder/32 bit adder.srcs/sources_1/new/32 bit adder.vhd:56]
INFO: [Synth 8-3491] module 'fullAdder' declared at 'C:/Users/horku/Documents/School/EECE/COEN 4710/computer_hardware_projects/Project 2/32 bit adder/32 bit adder.srcs/sources_1/new/fullAdder.vhd:12' bound to instance 'fa15' of component 'fullAdder' [C:/Users/horku/Documents/School/EECE/COEN 4710/computer_hardware_projects/Project 2/32 bit adder/32 bit adder.srcs/sources_1/new/32 bit adder.vhd:57]
INFO: [Synth 8-3491] module 'fullAdder' declared at 'C:/Users/horku/Documents/School/EECE/COEN 4710/computer_hardware_projects/Project 2/32 bit adder/32 bit adder.srcs/sources_1/new/fullAdder.vhd:12' bound to instance 'fa16' of component 'fullAdder' [C:/Users/horku/Documents/School/EECE/COEN 4710/computer_hardware_projects/Project 2/32 bit adder/32 bit adder.srcs/sources_1/new/32 bit adder.vhd:58]
INFO: [Synth 8-3491] module 'fullAdder' declared at 'C:/Users/horku/Documents/School/EECE/COEN 4710/computer_hardware_projects/Project 2/32 bit adder/32 bit adder.srcs/sources_1/new/fullAdder.vhd:12' bound to instance 'fa17' of component 'fullAdder' [C:/Users/horku/Documents/School/EECE/COEN 4710/computer_hardware_projects/Project 2/32 bit adder/32 bit adder.srcs/sources_1/new/32 bit adder.vhd:59]
INFO: [Synth 8-3491] module 'fullAdder' declared at 'C:/Users/horku/Documents/School/EECE/COEN 4710/computer_hardware_projects/Project 2/32 bit adder/32 bit adder.srcs/sources_1/new/fullAdder.vhd:12' bound to instance 'fa18' of component 'fullAdder' [C:/Users/horku/Documents/School/EECE/COEN 4710/computer_hardware_projects/Project 2/32 bit adder/32 bit adder.srcs/sources_1/new/32 bit adder.vhd:60]
INFO: [Synth 8-3491] module 'fullAdder' declared at 'C:/Users/horku/Documents/School/EECE/COEN 4710/computer_hardware_projects/Project 2/32 bit adder/32 bit adder.srcs/sources_1/new/fullAdder.vhd:12' bound to instance 'fa19' of component 'fullAdder' [C:/Users/horku/Documents/School/EECE/COEN 4710/computer_hardware_projects/Project 2/32 bit adder/32 bit adder.srcs/sources_1/new/32 bit adder.vhd:61]
INFO: [Synth 8-3491] module 'fullAdder' declared at 'C:/Users/horku/Documents/School/EECE/COEN 4710/computer_hardware_projects/Project 2/32 bit adder/32 bit adder.srcs/sources_1/new/fullAdder.vhd:12' bound to instance 'fa20' of component 'fullAdder' [C:/Users/horku/Documents/School/EECE/COEN 4710/computer_hardware_projects/Project 2/32 bit adder/32 bit adder.srcs/sources_1/new/32 bit adder.vhd:62]
INFO: [Synth 8-3491] module 'fullAdder' declared at 'C:/Users/horku/Documents/School/EECE/COEN 4710/computer_hardware_projects/Project 2/32 bit adder/32 bit adder.srcs/sources_1/new/fullAdder.vhd:12' bound to instance 'fa21' of component 'fullAdder' [C:/Users/horku/Documents/School/EECE/COEN 4710/computer_hardware_projects/Project 2/32 bit adder/32 bit adder.srcs/sources_1/new/32 bit adder.vhd:63]
INFO: [Synth 8-3491] module 'fullAdder' declared at 'C:/Users/horku/Documents/School/EECE/COEN 4710/computer_hardware_projects/Project 2/32 bit adder/32 bit adder.srcs/sources_1/new/fullAdder.vhd:12' bound to instance 'fa22' of component 'fullAdder' [C:/Users/horku/Documents/School/EECE/COEN 4710/computer_hardware_projects/Project 2/32 bit adder/32 bit adder.srcs/sources_1/new/32 bit adder.vhd:64]
INFO: [Synth 8-3491] module 'fullAdder' declared at 'C:/Users/horku/Documents/School/EECE/COEN 4710/computer_hardware_projects/Project 2/32 bit adder/32 bit adder.srcs/sources_1/new/fullAdder.vhd:12' bound to instance 'fa23' of component 'fullAdder' [C:/Users/horku/Documents/School/EECE/COEN 4710/computer_hardware_projects/Project 2/32 bit adder/32 bit adder.srcs/sources_1/new/32 bit adder.vhd:65]
INFO: [Synth 8-3491] module 'fullAdder' declared at 'C:/Users/horku/Documents/School/EECE/COEN 4710/computer_hardware_projects/Project 2/32 bit adder/32 bit adder.srcs/sources_1/new/fullAdder.vhd:12' bound to instance 'fa24' of component 'fullAdder' [C:/Users/horku/Documents/School/EECE/COEN 4710/computer_hardware_projects/Project 2/32 bit adder/32 bit adder.srcs/sources_1/new/32 bit adder.vhd:66]
INFO: [Synth 8-3491] module 'fullAdder' declared at 'C:/Users/horku/Documents/School/EECE/COEN 4710/computer_hardware_projects/Project 2/32 bit adder/32 bit adder.srcs/sources_1/new/fullAdder.vhd:12' bound to instance 'fa25' of component 'fullAdder' [C:/Users/horku/Documents/School/EECE/COEN 4710/computer_hardware_projects/Project 2/32 bit adder/32 bit adder.srcs/sources_1/new/32 bit adder.vhd:67]
INFO: [Synth 8-3491] module 'fullAdder' declared at 'C:/Users/horku/Documents/School/EECE/COEN 4710/computer_hardware_projects/Project 2/32 bit adder/32 bit adder.srcs/sources_1/new/fullAdder.vhd:12' bound to instance 'fa26' of component 'fullAdder' [C:/Users/horku/Documents/School/EECE/COEN 4710/computer_hardware_projects/Project 2/32 bit adder/32 bit adder.srcs/sources_1/new/32 bit adder.vhd:68]
INFO: [Synth 8-3491] module 'fullAdder' declared at 'C:/Users/horku/Documents/School/EECE/COEN 4710/computer_hardware_projects/Project 2/32 bit adder/32 bit adder.srcs/sources_1/new/fullAdder.vhd:12' bound to instance 'fa27' of component 'fullAdder' [C:/Users/horku/Documents/School/EECE/COEN 4710/computer_hardware_projects/Project 2/32 bit adder/32 bit adder.srcs/sources_1/new/32 bit adder.vhd:69]
INFO: [Synth 8-3491] module 'fullAdder' declared at 'C:/Users/horku/Documents/School/EECE/COEN 4710/computer_hardware_projects/Project 2/32 bit adder/32 bit adder.srcs/sources_1/new/fullAdder.vhd:12' bound to instance 'fa28' of component 'fullAdder' [C:/Users/horku/Documents/School/EECE/COEN 4710/computer_hardware_projects/Project 2/32 bit adder/32 bit adder.srcs/sources_1/new/32 bit adder.vhd:70]
INFO: [Synth 8-3491] module 'fullAdder' declared at 'C:/Users/horku/Documents/School/EECE/COEN 4710/computer_hardware_projects/Project 2/32 bit adder/32 bit adder.srcs/sources_1/new/fullAdder.vhd:12' bound to instance 'fa29' of component 'fullAdder' [C:/Users/horku/Documents/School/EECE/COEN 4710/computer_hardware_projects/Project 2/32 bit adder/32 bit adder.srcs/sources_1/new/32 bit adder.vhd:71]
INFO: [Synth 8-3491] module 'fullAdder' declared at 'C:/Users/horku/Documents/School/EECE/COEN 4710/computer_hardware_projects/Project 2/32 bit adder/32 bit adder.srcs/sources_1/new/fullAdder.vhd:12' bound to instance 'fa30' of component 'fullAdder' [C:/Users/horku/Documents/School/EECE/COEN 4710/computer_hardware_projects/Project 2/32 bit adder/32 bit adder.srcs/sources_1/new/32 bit adder.vhd:72]
INFO: [Synth 8-3491] module 'fullAdder' declared at 'C:/Users/horku/Documents/School/EECE/COEN 4710/computer_hardware_projects/Project 2/32 bit adder/32 bit adder.srcs/sources_1/new/fullAdder.vhd:12' bound to instance 'fa31' of component 'fullAdder' [C:/Users/horku/Documents/School/EECE/COEN 4710/computer_hardware_projects/Project 2/32 bit adder/32 bit adder.srcs/sources_1/new/32 bit adder.vhd:73]
INFO: [Synth 8-256] done synthesizing module 'Adder32Bit' (2#1) [C:/Users/horku/Documents/School/EECE/COEN 4710/computer_hardware_projects/Project 2/32 bit adder/32 bit adder.srcs/sources_1/new/32 bit adder.vhd:26]
---------------------------------------------------------------------------------
Finished RTL Elaboration : Time (s): cpu = 00:00:05 ; elapsed = 00:00:04 . Memory (MB): peak = 808.699 ; gain = 86.234
---------------------------------------------------------------------------------

Report Check Netlist: 
+------+------------------+-------+---------+-------+------------------+
|      |Item              |Errors |Warnings |Status |Description       |
+------+------------------+-------+---------+-------+------------------+
|1     |multi_driven_nets |      0|        0|Passed |Multi driven nets |
+------+------------------+-------+---------+-------+------------------+
---------------------------------------------------------------------------------
Start Handling Custom Attributes
---------------------------------------------------------------------------------
---------------------------------------------------------------------------------
Finished Handling Custom Attributes : Time (s): cpu = 00:00:05 ; elapsed = 00:00:05 . Memory (MB): peak = 808.699 ; gain = 86.234
---------------------------------------------------------------------------------
---------------------------------------------------------------------------------
Finished RTL Optimization Phase 1 : Time (s): cpu = 00:00:05 ; elapsed = 00:00:05 . Memory (MB): peak = 808.699 ; gain = 86.234
---------------------------------------------------------------------------------
INFO: [Device 21-403] Loading part xc7a35tcpg236-1
INFO: [Project 1-570] Preparing netlist for logic optimization

Processing XDC Constraints
Initializing timing engine
Completed Processing XDC Constraints

INFO: [Opt 31-138] Pushed 0 inverter(s) to 0 load pin(s).
Netlist sorting complete. Time (s): cpu = 00:00:00 ; elapsed = 00:00:00 . Memory (MB): peak = 1131.266 ; gain = 0.000
INFO: [Project 1-111] Unisim Transformation Summary:
No Unisim elements were transformed.

RTL Elaboration Complete:  : Time (s): cpu = 00:00:26 ; elapsed = 00:00:20 . Memory (MB): peak = 1170.973 ; gain = 448.508
40 Infos, 0 Warnings, 0 Critical Warnings and 0 Errors encountered.
synth_design completed successfully
synth_design: Time (s): cpu = 00:00:26 ; elapsed = 00:00:20 . Memory (MB): peak = 1170.973 ; gain = 448.508
exit
INFO: [Common 17-206] Exiting Vivado at Tue Apr 23 02:47:09 2019...
